2024-09-30 18:54:50 [17@SISTEMAS2]
CSRF check failed for User ID: 17 at /front/tracking.injector.php
2024-09-30 19:02:23 [7@SISTEMAS2]
CSRF check failed for User ID: 7 at /front/ticket.form.php?id=5
2024-09-30 19:03:12 [7@SISTEMAS2]
CSRF check failed for User ID: 7 at /front/ticket.form.php?id=5
2024-09-30 19:16:26 [7@SISTEMAS2]
CSRF check failed for User ID: 7 at /front/ticket.form.php
2024-09-30 22:29:35 [10@SISTEMAS2]
User ID: 10 tried to access or perform an action on /front/projecttask_ticket.form.php with insufficient rights. Additional information: User failed a can* method check for right 4 (CREATE) on item Type: ProjectTask_Ticket ID: -1
	Stack Trace:
		C:\xampp\htdocs\glpi\src\CommonDBTM.php:3054 displayRightError()
		C:\xampp\htdocs\glpi\front\projecttask_ticket.form.php:49 check()
2024-09-30 23:39:48 [7@SISTEMAS2]
CSRF check failed for User ID: 7 at /front/mailcollector.form.php
2024-09-30 23:44:15 [7@SISTEMAS2]
CSRF check failed for User ID: 7 at /front/massiveaction.php
2024-10-02 16:55:38 [7@SISTEMAS2]
User ID: 7 tried to access or perform an action on /front/setup.auth.php with insufficient rights. Additional information: User is missing the 1 (Read) right for config
	Stack Trace:
		C:\xampp\htdocs\glpi\src\Session.php:1124 displayRightError()
		C:\xampp\htdocs\glpi\front\setup.auth.php:40 checkRight()
2024-10-02 18:53:58 [7@SISTEMAS2]
CSRF check failed for User ID: 7 at /front/mailcollector.form.php
2024-10-02 18:53:58 [7@SISTEMAS2]
CSRF check failed for User ID: 7 at /front/mailcollector.form.php
2024-10-02 18:53:59 [7@SISTEMAS2]
CSRF check failed for User ID: 7 at /front/mailcollector.form.php
2024-10-11 19:23:33 [10@SISTEMAS2]
CSRF check failed for User ID: 10 at /ajax/kanban.php
2024-10-11 19:23:33 [10@SISTEMAS2]
CSRF check failed for User ID: 10 at /ajax/kanban.php
2024-10-11 19:23:34 [10@SISTEMAS2]
CSRF check failed for User ID: 10 at /ajax/kanban.php
2024-10-11 19:23:34 [10@SISTEMAS2]
CSRF check failed for User ID: 10 at /ajax/kanban.php
2024-10-15 14:59:52 [@SISTEMAS2]
CSRF check failed for User ID:  at /front/login.php
2024-12-03 23:24:20 [@SISTEMAS2]
CSRF check failed for User ID:  at /front/login.php
2024-12-04 20:07:24 [@SISTEMAS2]
CSRF check failed for User ID:  at /front/tracking.injector.php
2024-12-11 14:30:02 [19@SISTEMAS2]
User ID: 19 tried to access or perform an action on /front/central.php with insufficient rights. Additional information: The current profile does not use the standard interface
	Stack Trace:
		C:\xampp\htdocs\glpi\src\Session.php:999 displayRightError()
		C:\xampp\htdocs\glpi\front\central.php:87 checkCentralAccess()
2024-12-11 14:30:37 [19@SISTEMAS2]
User ID: 19 tried to access or perform an action on /front/central.php with insufficient rights. Additional information: The current profile does not use the standard interface
	Stack Trace:
		C:\xampp\htdocs\glpi\src\Session.php:999 displayRightError()
		C:\xampp\htdocs\glpi\front\central.php:87 checkCentralAccess()
2024-12-11 16:19:20 [19@SISTEMAS2]
User ID: 19 tried to access or perform an action on /front/central.php with insufficient rights. Additional information: The current profile does not use the standard interface
	Stack Trace:
		C:\xampp\htdocs\glpi\src\Session.php:999 displayRightError()
		C:\xampp\htdocs\glpi\front\central.php:87 checkCentralAccess()
2024-12-11 16:20:14 [19@SISTEMAS2]
User ID: 19 tried to access or perform an action on /front/knowbaseitem_item.form.php with insufficient rights. Additional information: User failed a can* method check for right 4 (CREATE) on item Type: KnowbaseItem_Item ID: -1
	Stack Trace:
		C:\xampp\htdocs\glpi\src\CommonDBTM.php:3054 displayRightError()
		C:\xampp\htdocs\glpi\front\knowbaseitem_item.form.php:51 check()
2024-12-12 14:21:23 [@SISTEMAS2]
CSRF check failed for User ID:  at /front/login.php
2024-12-12 16:44:36 [19@SISTEMAS2]
User ID: 19 tried to access or perform an action on /front/central.php with insufficient rights. Additional information: The current profile does not use the standard interface
	Stack Trace:
		C:\xampp\htdocs\glpi\src\Session.php:999 displayRightError()
		C:\xampp\htdocs\glpi\front\central.php:87 checkCentralAccess()
2024-12-12 20:47:14 [7@SISTEMAS2]
CSRF check failed for User ID: 7 at /ajax/ruleactionvalue.php
2024-12-16 11:31:53 [20@SISTEMAS2]
User ID: 20 tried to access or perform an action on /front/knowbaseitem_item.form.php with insufficient rights. Additional information: User failed a can* method check for right 4 (CREATE) on item Type: KnowbaseItem_Item ID: -1
	Stack Trace:
		C:\xampp\htdocs\glpi\src\CommonDBTM.php:3054 displayRightError()
		C:\xampp\htdocs\glpi\front\knowbaseitem_item.form.php:51 check()
2024-12-16 11:50:59 [20@SISTEMAS2]
User ID: 20 tried to access or perform an action on /front/central.php with insufficient rights. Additional information: The current profile does not use the standard interface
	Stack Trace:
		C:\xampp\htdocs\glpi\src\Session.php:999 displayRightError()
		C:\xampp\htdocs\glpi\front\central.php:87 checkCentralAccess()
2024-12-16 13:17:54 [@SISTEMAS2]
CSRF check failed for User ID:  at /front/login.php
2024-12-16 15:44:06 [@SISTEMAS2]
CSRF check failed for User ID:  at /front/lostpassword.php
2024-12-20 14:36:59 [@SISTEMAS2]
CSRF check failed for User ID:  at /front/login.php
2025-01-07 10:29:07 [@SISTEMAS2]
CSRF check failed for User ID:  at /front/login.php
2025-01-14 16:44:09 [@SISTEMAS2]
CSRF check failed for User ID:  at /front/login.php
2025-01-16 07:17:59 [18@SISTEMAS2]
CSRF check failed for User ID: 18 at /ajax/dashboard.php
2025-01-16 10:16:19 [7@SISTEMAS2]
CSRF check failed for User ID: 7 at /ajax/dropdownRubDocument.php
2025-01-16 11:33:28 [18@SISTEMAS2]
CSRF check failed for User ID: 18 at /ajax/dashboard.php
2025-01-21 07:40:17 [18@SISTEMAS2]
User ID: 18 tried to access a non-existent item /front/projecttask.form.php?id=12&projects_id=&projecttasks_id=. Additional information: The item could not be found in the database
	Stack Trace:
		C:\xampp\htdocs\glpi\src\CommonDBTM.php:6425 displayNotFoundError()
		C:\xampp\htdocs\glpi\src\CommonDBTM.php:6536 displayItemNotFoundPage()
		C:\xampp\htdocs\glpi\front\projecttask.form.php:106 displayFullPageForItem()
2025-01-21 07:41:04 [18@SISTEMAS2]
User ID: 18 tried to access a non-existent item /front/projecttask.form.php?id=12&projects_id=&projecttasks_id=. Additional information: The item could not be found in the database
	Stack Trace:
		C:\xampp\htdocs\glpi\src\CommonDBTM.php:6425 displayNotFoundError()
		C:\xampp\htdocs\glpi\src\CommonDBTM.php:6536 displayItemNotFoundPage()
		C:\xampp\htdocs\glpi\front\projecttask.form.php:106 displayFullPageForItem()
2025-01-23 12:26:49 [@SISTEMAS2]
CSRF check failed for User ID:  at /front/login.php
2025-01-23 12:26:55 [@SISTEMAS2]
CSRF check failed for User ID:  at /front/login.php
2025-01-24 08:18:00 [@SISTEMAS2]
CSRF check failed for User ID:  at /front/login.php
2025-01-31 11:53:38 [@SISTEMAS2]
CSRF check failed for User ID:  at /front/login.php
2025-02-04 17:55:39 [@SISTEMAS2]
CSRF check failed for User ID:  at /front/login.php
2025-02-04 17:55:45 [@SISTEMAS2]
CSRF check failed for User ID:  at /front/login.php
2025-02-05 10:38:15 [7@SISTEMAS2]
CSRF check failed for User ID: 7 at /front/crontask.form.php
2025-02-05 10:38:15 [7@SISTEMAS2]
CSRF check failed for User ID: 7 at /front/crontask.form.php
2025-02-06 15:53:04 [7@SISTEMAS2]
CSRF check failed for User ID: 7 at /ajax/itillayout.php
2025-02-06 16:32:56 [7@SISTEMAS2]
CSRF check failed for User ID: 7 at /ajax/actors.php
2025-02-06 16:32:59 [7@SISTEMAS2]
CSRF check failed for User ID: 7 at /ajax/actors.php
2025-02-06 16:33:02 [7@SISTEMAS2]
CSRF check failed for User ID: 7 at /ajax/actors.php
2025-02-06 16:33:03 [7@SISTEMAS2]
CSRF check failed for User ID: 7 at /ajax/actors.php
2025-02-06 16:33:04 [7@SISTEMAS2]
CSRF check failed for User ID: 7 at /ajax/actors.php
2025-02-07 12:15:15 [20@SISTEMAS2]
CSRF check failed for User ID: 20 at /front/tracking.injector.php
2025-02-10 09:21:45 [@SISTEMAS2]
CSRF check failed for User ID:  at /front/login.php
2025-02-10 14:51:43 [@SISTEMAS2]
CSRF check failed for User ID:  at /front/login.php
2025-02-10 14:51:48 [@SISTEMAS2]
CSRF check failed for User ID:  at /front/login.php
2025-02-11 10:25:51 [18@SISTEMAS2]
CSRF check failed for User ID: 18 at /front/reservationitem.form.php
2025-02-11 15:49:42 [26@SISTEMAS2]
CSRF check failed for User ID: 26 at /ajax/actors.php
2025-02-11 15:49:42 [26@SISTEMAS2]
CSRF check failed for User ID: 26 at /ajax/actors.php
2025-02-11 15:49:55 [26@SISTEMAS2]
CSRF check failed for User ID: 26 at /ajax/actors.php
2025-02-11 15:49:55 [26@SISTEMAS2]
CSRF check failed for User ID: 26 at /ajax/actors.php
2025-02-11 15:49:56 [26@SISTEMAS2]
CSRF check failed for User ID: 26 at /ajax/actors.php
2025-02-11 15:49:57 [26@SISTEMAS2]
CSRF check failed for User ID: 26 at /ajax/actors.php
2025-02-11 15:50:22 [26@SISTEMAS2]
CSRF check failed for User ID: 26 at /ajax/comments.php
2025-02-11 15:50:23 [26@SISTEMAS2]
CSRF check failed for User ID: 26 at /ajax/comments.php
2025-02-11 15:51:37 [26@SISTEMAS2]
CSRF check failed for User ID: 26 at /front/tracking.injector.php
2025-02-13 14:11:40 [18@SISTEMAS2]
CSRF check failed for User ID: 18 at /front/itilfollowup.form.php
2025-02-13 14:11:44 [18@SISTEMAS2]
CSRF check failed for User ID: 18 at /front/itilfollowup.form.php
2025-02-14 07:43:39 [18@SISTEMAS2]
CSRF check failed for User ID: 18 at /front/computer.form.php
2025-02-19 08:24:23 [@SISTEMAS2]
CSRF check failed for User ID:  at /front/login.php
